Copyright 1986-2022 Xilinx, Inc. All Rights Reserved.
------------------------------------------------------------------------------------------------------------------------------------------------------------------------------------------------------------------------------------------
| Tool Version : Vivado v.2022.2 (win64) Build 3671981 Fri Oct 14 05:00:03 MDT 2022
| Date         : Fri May 12 21:03:30 2023
| Host         : LAPTOP-4HV6V7EN running 64-bit major release  (build 9200)
| Command      : report_timing_summary -max_paths 10 -report_unconstrained -file hamming_encoder_timing_summary_routed.rpt -pb hamming_encoder_timing_summary_routed.pb -rpx hamming_encoder_timing_summary_routed.rpx -warn_on_violation
| Design       : hamming_encoder
| Device       : 7a100t-csg324
| Speed File   : -1  PRODUCTION 1.23 2018-06-13
------------------------------------------------------------------------------------------------------------------------------------------------------------------------------------------------------------------------------------------

Timing Summary Report

------------------------------------------------------------------------------------------------
| Timer Settings
| --------------
------------------------------------------------------------------------------------------------

  Enable Multi Corner Analysis               :  Yes
  Enable Pessimism Removal                   :  Yes
  Pessimism Removal Resolution               :  Nearest Common Node
  Enable Input Delay Default Clock           :  No
  Enable Preset / Clear Arcs                 :  No
  Disable Flight Delays                      :  No
  Ignore I/O Paths                           :  No
  Timing Early Launch at Borrowing Latches   :  No
  Borrow Time for Max Delay Exceptions       :  Yes
  Merge Timing Exceptions                    :  Yes

  Corner  Analyze    Analyze    
  Name    Max Paths  Min Paths  
  ------  ---------  ---------  
  Slow    Yes        Yes        
  Fast    Yes        Yes        


------------------------------------------------------------------------------------------------
| Report Methodology
| ------------------
------------------------------------------------------------------------------------------------

No report available as report_methodology has not been run prior. Run report_methodology on the current design for the summary of methodology violations.



check_timing report

Table of Contents
-----------------
1. checking no_clock (0)
2. checking constant_clock (0)
3. checking pulse_width_clock (0)
4. checking unconstrained_internal_endpoints (0)
5. checking no_input_delay (0)
6. checking no_output_delay (0)
7. checking multiple_clock (0)
8. checking generated_clocks (0)
9. checking loops (0)
10. checking partial_input_delay (0)
11. checking partial_output_delay (0)
12. checking latch_loops (0)

1. checking no_clock (0)
------------------------
 There are 0 register/latch pins with no clock.


2. checking constant_clock (0)
------------------------------
 There are 0 register/latch pins with constant_clock.


3. checking pulse_width_clock (0)
---------------------------------
 There are 0 register/latch pins which need pulse_width check


4. checking unconstrained_internal_endpoints (0)
------------------------------------------------
 There are 0 pins that are not constrained for maximum delay.

 There are 0 pins that are not constrained for maximum delay due to constant clock.


5. checking no_input_delay (0)
------------------------------
 There are 0 input ports with no input delay specified.

 There are 0 input ports with no input delay but user has a false path constraint.


6. checking no_output_delay (0)
-------------------------------
 There are 0 ports with no output delay specified.

 There are 0 ports with no output delay but user has a false path constraint

 There are 0 ports with no output delay but with a timing clock defined on it or propagating through it


7. checking multiple_clock (0)
------------------------------
 There are 0 register/latch pins with multiple clocks.


8. checking generated_clocks (0)
--------------------------------
 There are 0 generated clocks that are not connected to a clock source.


9. checking loops (0)
---------------------
 There are 0 combinational loops in the design.


10. checking partial_input_delay (0)
------------------------------------
 There are 0 input ports with partial input delay specified.


11. checking partial_output_delay (0)
-------------------------------------
 There are 0 ports with partial output delay specified.


12. checking latch_loops (0)
----------------------------
 There are 0 combinational latch loops in the design through latch input



------------------------------------------------------------------------------------------------
| Design Timing Summary
| ---------------------
------------------------------------------------------------------------------------------------

    WNS(ns)      TNS(ns)  TNS Failing Endpoints  TNS Total Endpoints      WHS(ns)      THS(ns)  THS Failing Endpoints  THS Total Endpoints     WPWS(ns)     TPWS(ns)  TPWS Failing Endpoints  TPWS Total Endpoints  
    -------      -------  ---------------------  -------------------      -------      -------  ---------------------  -------------------     --------     --------  ----------------------  --------------------  
        inf        0.000                      0                   20          inf        0.000                      0                   20           NA           NA                      NA                    NA  


There are no user specified timing constraints.


------------------------------------------------------------------------------------------------
| Clock Summary
| -------------
------------------------------------------------------------------------------------------------


------------------------------------------------------------------------------------------------
| Intra Clock Table
| -----------------
------------------------------------------------------------------------------------------------

Clock             WNS(ns)      TNS(ns)  TNS Failing Endpoints  TNS Total Endpoints      WHS(ns)      THS(ns)  THS Failing Endpoints  THS Total Endpoints     WPWS(ns)     TPWS(ns)  TPWS Failing Endpoints  TPWS Total Endpoints  
-----             -------      -------  ---------------------  -------------------      -------      -------  ---------------------  -------------------     --------     --------  ----------------------  --------------------  


------------------------------------------------------------------------------------------------
| Inter Clock Table
| -----------------
------------------------------------------------------------------------------------------------

From Clock    To Clock          WNS(ns)      TNS(ns)  TNS Failing Endpoints  TNS Total Endpoints      WHS(ns)      THS(ns)  THS Failing Endpoints  THS Total Endpoints  
----------    --------          -------      -------  ---------------------  -------------------      -------      -------  ---------------------  -------------------  


------------------------------------------------------------------------------------------------
| Other Path Groups Table
| -----------------------
------------------------------------------------------------------------------------------------

Path Group    From Clock    To Clock          WNS(ns)      TNS(ns)  TNS Failing Endpoints  TNS Total Endpoints      WHS(ns)      THS(ns)  THS Failing Endpoints  THS Total Endpoints  
----------    ----------    --------          -------      -------  ---------------------  -------------------      -------      -------  ---------------------  -------------------  


------------------------------------------------------------------------------------------------
| User Ignored Path Table
| -----------------------
------------------------------------------------------------------------------------------------

Path Group    From Clock    To Clock    
----------    ----------    --------    


------------------------------------------------------------------------------------------------
| Unconstrained Path Table
| ------------------------
------------------------------------------------------------------------------------------------

Path Group    From Clock    To Clock    
----------    ----------    --------    
(none)                                    


------------------------------------------------------------------------------------------------
| Timing Details
| --------------
------------------------------------------------------------------------------------------------


--------------------------------------------------------------------------------------
Path Group:  (none)
From Clock:  
  To Clock:  

Max Delay            20 Endpoints
Min Delay            20 Endpoints
--------------------------------------------------------------------------------------


Max Delay Paths
--------------------------------------------------------------------------------------
Slack:                    inf
  Source:                 m[9]
                            (input port)
  Destination:            codeWord[16]
                            (output port)
  Path Group:             (none)
  Path Type:              Max at Slow Process Corner
  Data Path Delay:        8.035ns  (logic 3.848ns (47.899%)  route 4.186ns (52.101%))
  Logic Levels:           4  (IBUF=1 LUT3=1 LUT6=1 OBUF=1)

    Location             Delay type                Incr(ns)  Path(ns)    Netlist Resource(s)
  -------------------------------------------------------------------    -------------------
    M17                                               0.000     0.000 r  m[9] (IN)
                         net (fo=0)                   0.000     0.000    m[9]
    M17                  IBUF (Prop_ibuf_I_O)         0.952     0.952 r  m_IBUF[9]_inst/O
                         net (fo=3, routed)           1.720     2.672    codeWord_OBUF[6]
    SLICE_X0Y62          LUT3 (Prop_lut3_I0_O)        0.124     2.796 r  codeWord_OBUF[16]_inst_i_2/O
                         net (fo=2, routed)           0.799     3.595    codeWord_OBUF[16]_inst_i_2_n_0
    SLICE_X0Y65          LUT6 (Prop_lut6_I0_O)        0.124     3.719 r  codeWord_OBUF[16]_inst_i_1/O
                         net (fo=1, routed)           1.668     5.386    codeWord_OBUF[16]
    U17                  OBUF (Prop_obuf_I_O)         2.648     8.035 r  codeWord_OBUF[16]_inst/O
                         net (fo=0)                   0.000     8.035    codeWord[16]
    U17                                                               r  codeWord[16] (OUT)
  -------------------------------------------------------------------    -------------------

Slack:                    inf
  Source:                 m[11]
                            (input port)
  Destination:            codeWord[4]
                            (output port)
  Path Group:             (none)
  Path Type:              Max at Slow Process Corner
  Data Path Delay:        7.937ns  (logic 3.739ns (47.109%)  route 4.198ns (52.891%))
  Logic Levels:           3  (IBUF=1 LUT4=1 OBUF=1)

    Location             Delay type                Incr(ns)  Path(ns)    Netlist Resource(s)
  -------------------------------------------------------------------    -------------------
    P18                                               0.000     0.000 r  m[11] (IN)
                         net (fo=0)                   0.000     0.000    m[11]
    P18                  IBUF (Prop_ibuf_I_O)         0.965     0.965 r  m_IBUF[11]_inst/O
                         net (fo=3, routed)           2.530     3.495    codeWord_OBUF[3]
    SLICE_X0Y53          LUT4 (Prop_lut4_I1_O)        0.124     3.619 r  codeWord_OBUF[4]_inst_i_1/O
                         net (fo=1, routed)           1.668     5.287    codeWord_OBUF[4]
    T13                  OBUF (Prop_obuf_I_O)         2.650     7.937 r  codeWord_OBUF[4]_inst/O
                         net (fo=0)                   0.000     7.937    codeWord[4]
    T13                                                               r  codeWord[4] (OUT)
  -------------------------------------------------------------------    -------------------

Slack:                    inf
  Source:                 m[13]
                            (input port)
  Destination:            codeWord[19]
                            (output port)
  Path Group:             (none)
  Path Type:              Max at Slow Process Corner
  Data Path Delay:        7.709ns  (logic 3.852ns (49.975%)  route 3.856ns (50.025%))
  Logic Levels:           4  (IBUF=1 LUT5=2 OBUF=1)

    Location             Delay type                Incr(ns)  Path(ns)    Netlist Resource(s)
  -------------------------------------------------------------------    -------------------
    P14                                               0.000     0.000 r  m[13] (IN)
                         net (fo=0)                   0.000     0.000    m[13]
    P14                  IBUF (Prop_ibuf_I_O)         0.980     0.980 r  m_IBUF[13]_inst/O
                         net (fo=3, routed)           2.012     2.993    codeWord_OBUF[1]
    SLICE_X0Y68          LUT5 (Prop_lut5_I3_O)        0.124     3.117 r  codeWord_OBUF[19]_inst_i_2/O
                         net (fo=2, routed)           0.170     3.287    codeWord_OBUF[19]_inst_i_2_n_0
    SLICE_X0Y68          LUT5 (Prop_lut5_I4_O)        0.124     3.411 r  codeWord_OBUF[19]_inst_i_1/O
                         net (fo=1, routed)           1.674     5.084    codeWord_OBUF[19]
    T16                  OBUF (Prop_obuf_I_O)         2.624     7.709 r  codeWord_OBUF[19]_inst/O
                         net (fo=0)                   0.000     7.709    codeWord[19]
    T16                                                               r  codeWord[19] (OUT)
  -------------------------------------------------------------------    -------------------

Slack:                    inf
  Source:                 m[13]
                            (input port)
  Destination:            codeWord[18]
                            (output port)
  Path Group:             (none)
  Path Type:              Max at Slow Process Corner
  Data Path Delay:        7.587ns  (logic 3.873ns (51.046%)  route 3.714ns (48.954%))
  Logic Levels:           4  (IBUF=1 LUT5=2 OBUF=1)

    Location             Delay type                Incr(ns)  Path(ns)    Netlist Resource(s)
  -------------------------------------------------------------------    -------------------
    P14                                               0.000     0.000 r  m[13] (IN)
                         net (fo=0)                   0.000     0.000    m[13]
    P14                  IBUF (Prop_ibuf_I_O)         0.980     0.980 r  m_IBUF[13]_inst/O
                         net (fo=3, routed)           2.012     2.993    codeWord_OBUF[1]
    SLICE_X0Y68          LUT5 (Prop_lut5_I3_O)        0.124     3.117 r  codeWord_OBUF[19]_inst_i_2/O
                         net (fo=2, routed)           0.173     3.290    codeWord_OBUF[19]_inst_i_2_n_0
    SLICE_X0Y68          LUT5 (Prop_lut5_I4_O)        0.124     3.414 r  codeWord_OBUF[18]_inst_i_1/O
                         net (fo=1, routed)           1.529     4.942    codeWord_OBUF[18]
    V15                  OBUF (Prop_obuf_I_O)         2.645     7.587 r  codeWord_OBUF[18]_inst/O
                         net (fo=0)                   0.000     7.587    codeWord[18]
    V15                                                               r  codeWord[18] (OUT)
  -------------------------------------------------------------------    -------------------

Slack:                    inf
  Source:                 m[9]
                            (input port)
  Destination:            codeWord[12]
                            (output port)
  Path Group:             (none)
  Path Type:              Max at Slow Process Corner
  Data Path Delay:        7.558ns  (logic 3.854ns (50.992%)  route 3.704ns (49.008%))
  Logic Levels:           4  (IBUF=1 LUT3=1 LUT5=1 OBUF=1)

    Location             Delay type                Incr(ns)  Path(ns)    Netlist Resource(s)
  -------------------------------------------------------------------    -------------------
    M17                                               0.000     0.000 r  m[9] (IN)
                         net (fo=0)                   0.000     0.000    m[9]
    M17                  IBUF (Prop_ibuf_I_O)         0.952     0.952 r  m_IBUF[9]_inst/O
                         net (fo=3, routed)           1.720     2.672    codeWord_OBUF[6]
    SLICE_X0Y62          LUT3 (Prop_lut3_I0_O)        0.124     2.796 r  codeWord_OBUF[16]_inst_i_2/O
                         net (fo=2, routed)           0.456     3.252    codeWord_OBUF[16]_inst_i_2_n_0
    SLICE_X0Y62          LUT5 (Prop_lut5_I4_O)        0.124     3.376 r  codeWord_OBUF[12]_inst_i_1/O
                         net (fo=1, routed)           1.529     4.905    codeWord_OBUF[12]
    T11                  OBUF (Prop_obuf_I_O)         2.654     7.558 r  codeWord_OBUF[12]_inst/O
                         net (fo=0)                   0.000     7.558    codeWord[12]
    T11                                                               r  codeWord[12] (OUT)
  -------------------------------------------------------------------    -------------------

Slack:                    inf
  Source:                 m[12]
                            (input port)
  Destination:            codeWord[2]
                            (output port)
  Path Group:             (none)
  Path Type:              Max at Slow Process Corner
  Data Path Delay:        7.231ns  (logic 3.629ns (50.189%)  route 3.602ns (49.811%))
  Logic Levels:           2  (IBUF=1 OBUF=1)

    Location             Delay type                Incr(ns)  Path(ns)    Netlist Resource(s)
  -------------------------------------------------------------------    -------------------
    N17                                               0.000     0.000 r  m[12] (IN)
                         net (fo=0)                   0.000     0.000    m[12]
    N17                  IBUF (Prop_ibuf_I_O)         0.962     0.962 r  m_IBUF[12]_inst/O
                         net (fo=3, routed)           3.602     4.563    codeWord_OBUF[2]
    T9                   OBUF (Prop_obuf_I_O)         2.667     7.231 r  codeWord_OBUF[2]_inst/O
                         net (fo=0)                   0.000     7.231    codeWord[2]
    T9                                                                r  codeWord[2] (OUT)
  -------------------------------------------------------------------    -------------------

Slack:                    inf
  Source:                 m[14]
                            (input port)
  Destination:            codeWord[0]
                            (output port)
  Path Group:             (none)
  Path Type:              Max at Slow Process Corner
  Data Path Delay:        7.140ns  (logic 3.629ns (50.826%)  route 3.511ns (49.174%))
  Logic Levels:           2  (IBUF=1 OBUF=1)

    Location             Delay type                Incr(ns)  Path(ns)    Netlist Resource(s)
  -------------------------------------------------------------------    -------------------
    N14                                               0.000     0.000 r  m[14] (IN)
                         net (fo=0)                   0.000     0.000    m[14]
    N14                  IBUF (Prop_ibuf_I_O)         0.981     0.981 r  m_IBUF[14]_inst/O
                         net (fo=3, routed)           3.511     4.492    codeWord_OBUF[0]
    R10                  OBUF (Prop_obuf_I_O)         2.648     7.140 r  codeWord_OBUF[0]_inst/O
                         net (fo=0)                   0.000     7.140    codeWord[0]
    R10                                                               r  codeWord[0] (OUT)
  -------------------------------------------------------------------    -------------------

Slack:                    inf
  Source:                 m[11]
                            (input port)
  Destination:            codeWord[3]
                            (output port)
  Path Group:             (none)
  Path Type:              Max at Slow Process Corner
  Data Path Delay:        7.137ns  (logic 3.611ns (50.602%)  route 3.525ns (49.398%))
  Logic Levels:           2  (IBUF=1 OBUF=1)

    Location             Delay type                Incr(ns)  Path(ns)    Netlist Resource(s)
  -------------------------------------------------------------------    -------------------
    P18                                               0.000     0.000 r  m[11] (IN)
                         net (fo=0)                   0.000     0.000    m[11]
    P18                  IBUF (Prop_ibuf_I_O)         0.965     0.965 r  m_IBUF[11]_inst/O
                         net (fo=3, routed)           3.525     4.490    codeWord_OBUF[3]
    U13                  OBUF (Prop_obuf_I_O)         2.646     7.137 r  codeWord_OBUF[3]_inst/O
                         net (fo=0)                   0.000     7.137    codeWord[3]
    U13                                                               r  codeWord[3] (OUT)
  -------------------------------------------------------------------    -------------------

Slack:                    inf
  Source:                 m[10]
                            (input port)
  Destination:            codeWord[5]
                            (output port)
  Path Group:             (none)
  Path Type:              Max at Slow Process Corner
  Data Path Delay:        7.076ns  (logic 3.598ns (50.849%)  route 3.478ns (49.151%))
  Logic Levels:           2  (IBUF=1 OBUF=1)

    Location             Delay type                Incr(ns)  Path(ns)    Netlist Resource(s)
  -------------------------------------------------------------------    -------------------
    M16                                               0.000     0.000 r  m[10] (IN)
                         net (fo=0)                   0.000     0.000    m[10]
    M16                  IBUF (Prop_ibuf_I_O)         0.951     0.951 r  m_IBUF[10]_inst/O
                         net (fo=4, routed)           3.478     4.429    codeWord_OBUF[5]
    V14                  OBUF (Prop_obuf_I_O)         2.647     7.076 r  codeWord_OBUF[5]_inst/O
                         net (fo=0)                   0.000     7.076    codeWord[5]
    V14                                                               r  codeWord[5] (OUT)
  -------------------------------------------------------------------    -------------------

Slack:                    inf
  Source:                 m[13]
                            (input port)
  Destination:            codeWord[1]
                            (output port)
  Path Group:             (none)
  Path Type:              Max at Slow Process Corner
  Data Path Delay:        6.951ns  (logic 3.650ns (52.516%)  route 3.300ns (47.484%))
  Logic Levels:           2  (IBUF=1 OBUF=1)

    Location             Delay type                Incr(ns)  Path(ns)    Netlist Resource(s)
  -------------------------------------------------------------------    -------------------
    P14                                               0.000     0.000 r  m[13] (IN)
                         net (fo=0)                   0.000     0.000    m[13]
    P14                  IBUF (Prop_ibuf_I_O)         0.980     0.980 r  m_IBUF[13]_inst/O
                         net (fo=3, routed)           3.300     4.281    codeWord_OBUF[1]
    T10                  OBUF (Prop_obuf_I_O)         2.670     6.951 r  codeWord_OBUF[1]_inst/O
                         net (fo=0)                   0.000     6.951    codeWord[1]
    T10                                                               r  codeWord[1] (OUT)
  -------------------------------------------------------------------    -------------------





Min Delay Paths
--------------------------------------------------------------------------------------
Slack:                    inf
  Source:                 m[0]
                            (input port)
  Destination:            codeWord[17]
                            (output port)
  Path Group:             (none)
  Path Type:              Min at Fast Process Corner
  Data Path Delay:        1.737ns  (logic 1.353ns (77.925%)  route 0.383ns (22.075%))
  Logic Levels:           2  (IBUF=1 OBUF=1)

    Location             Delay type                Incr(ns)  Path(ns)    Netlist Resource(s)
  -------------------------------------------------------------------    -------------------
    R16                                               0.000     0.000 r  m[0] (IN)
                         net (fo=0)                   0.000     0.000    m[0]
    R16                  IBUF (Prop_ibuf_I_O)         0.196     0.196 r  m_IBUF[0]_inst/O
                         net (fo=2, routed)           0.383     0.579    codeWord_OBUF[17]
    V16                  OBUF (Prop_obuf_I_O)         1.157     1.737 r  codeWord_OBUF[17]_inst/O
                         net (fo=0)                   0.000     1.737    codeWord[17]
    V16                                                               r  codeWord[17] (OUT)
  -------------------------------------------------------------------    -------------------

Slack:                    inf
  Source:                 m[2]
                            (input port)
  Destination:            codeWord[14]
                            (output port)
  Path Group:             (none)
  Path Type:              Min at Fast Process Corner
  Data Path Delay:        2.097ns  (logic 1.375ns (65.574%)  route 0.722ns (34.426%))
  Logic Levels:           2  (IBUF=1 OBUF=1)

    Location             Delay type                Incr(ns)  Path(ns)    Netlist Resource(s)
  -------------------------------------------------------------------    -------------------
    T14                                               0.000     0.000 r  m[2] (IN)
                         net (fo=0)                   0.000     0.000    m[2]
    T14                  IBUF (Prop_ibuf_I_O)         0.211     0.211 r  m_IBUF[2]_inst/O
                         net (fo=3, routed)           0.722     0.933    codeWord_OBUF[14]
    U16                  OBUF (Prop_obuf_I_O)         1.165     2.097 r  codeWord_OBUF[14]_inst/O
                         net (fo=0)                   0.000     2.097    codeWord[14]
    U16                                                               r  codeWord[14] (OUT)
  -------------------------------------------------------------------    -------------------

Slack:                    inf
  Source:                 m[1]
                            (input port)
  Destination:            codeWord[15]
                            (output port)
  Path Group:             (none)
  Path Type:              Min at Fast Process Corner
  Data Path Delay:        2.113ns  (logic 1.372ns (64.929%)  route 0.741ns (35.071%))
  Logic Levels:           2  (IBUF=1 OBUF=1)

    Location             Delay type                Incr(ns)  Path(ns)    Netlist Resource(s)
  -------------------------------------------------------------------    -------------------
    T15                                               0.000     0.000 r  m[1] (IN)
                         net (fo=0)                   0.000     0.000    m[1]
    T15                  IBUF (Prop_ibuf_I_O)         0.213     0.213 r  m_IBUF[1]_inst/O
                         net (fo=3, routed)           0.741     0.954    codeWord_OBUF[15]
    U18                  OBUF (Prop_obuf_I_O)         1.159     2.113 r  codeWord_OBUF[15]_inst/O
                         net (fo=0)                   0.000     2.113    codeWord[15]
    U18                                                               r  codeWord[15] (OUT)
  -------------------------------------------------------------------    -------------------

Slack:                    inf
  Source:                 m[8]
                            (input port)
  Destination:            codeWord[7]
                            (output port)
  Path Group:             (none)
  Path Type:              Min at Fast Process Corner
  Data Path Delay:        2.114ns  (logic 1.355ns (64.091%)  route 0.759ns (35.909%))
  Logic Levels:           2  (IBUF=1 OBUF=1)

    Location             Delay type                Incr(ns)  Path(ns)    Netlist Resource(s)
  -------------------------------------------------------------------    -------------------
    N15                                               0.000     0.000 r  m[8] (IN)
                         net (fo=0)                   0.000     0.000    m[8]
    N15                  IBUF (Prop_ibuf_I_O)         0.177     0.177 r  m_IBUF[8]_inst/O
                         net (fo=3, routed)           0.759     0.936    codeWord_OBUF[7]
    V11                  OBUF (Prop_obuf_I_O)         1.178     2.114 r  codeWord_OBUF[7]_inst/O
                         net (fo=0)                   0.000     2.114    codeWord[7]
    V11                                                               r  codeWord[7] (OUT)
  -------------------------------------------------------------------    -------------------

Slack:                    inf
  Source:                 m[3]
                            (input port)
  Destination:            codeWord[13]
                            (output port)
  Path Group:             (none)
  Path Type:              Min at Fast Process Corner
  Data Path Delay:        2.118ns  (logic 1.353ns (63.862%)  route 0.765ns (36.138%))
  Logic Levels:           2  (IBUF=1 OBUF=1)

    Location             Delay type                Incr(ns)  Path(ns)    Netlist Resource(s)
  -------------------------------------------------------------------    -------------------
    R15                                               0.000     0.000 r  m[3] (IN)
                         net (fo=0)                   0.000     0.000    m[3]
    R15                  IBUF (Prop_ibuf_I_O)         0.191     0.191 r  m_IBUF[3]_inst/O
                         net (fo=3, routed)           0.765     0.956    codeWord_OBUF[13]
    V17                  OBUF (Prop_obuf_I_O)         1.161     2.118 r  codeWord_OBUF[13]_inst/O
                         net (fo=0)                   0.000     2.118    codeWord[13]
    V17                                                               r  codeWord[13] (OUT)
  -------------------------------------------------------------------    -------------------

Slack:                    inf
  Source:                 m[4]
                            (input port)
  Destination:            codeWord[11]
                            (output port)
  Path Group:             (none)
  Path Type:              Min at Fast Process Corner
  Data Path Delay:        2.129ns  (logic 1.367ns (64.205%)  route 0.762ns (35.795%))
  Logic Levels:           2  (IBUF=1 OBUF=1)

    Location             Delay type                Incr(ns)  Path(ns)    Netlist Resource(s)
  -------------------------------------------------------------------    -------------------
    P15                                               0.000     0.000 r  m[4] (IN)
                         net (fo=0)                   0.000     0.000    m[4]
    P15                  IBUF (Prop_ibuf_I_O)         0.193     0.193 r  m_IBUF[4]_inst/O
                         net (fo=3, routed)           0.762     0.955    codeWord_OBUF[11]
    U11                  OBUF (Prop_obuf_I_O)         1.174     2.129 r  codeWord_OBUF[11]_inst/O
                         net (fo=0)                   0.000     2.129    codeWord[11]
    U11                                                               r  codeWord[11] (OUT)
  -------------------------------------------------------------------    -------------------

Slack:                    inf
  Source:                 m[7]
                            (input port)
  Destination:            codeWord[8]
                            (output port)
  Path Group:             (none)
  Path Type:              Min at Fast Process Corner
  Data Path Delay:        2.202ns  (logic 1.371ns (62.262%)  route 0.831ns (37.738%))
  Logic Levels:           2  (IBUF=1 OBUF=1)

    Location             Delay type                Incr(ns)  Path(ns)    Netlist Resource(s)
  -------------------------------------------------------------------    -------------------
    N16                                               0.000     0.000 r  m[7] (IN)
                         net (fo=0)                   0.000     0.000    m[7]
    N16                  IBUF (Prop_ibuf_I_O)         0.183     0.183 r  m_IBUF[7]_inst/O
                         net (fo=2, routed)           0.831     1.014    codeWord_OBUF[8]
    V10                  OBUF (Prop_obuf_I_O)         1.188     2.202 r  codeWord_OBUF[8]_inst/O
                         net (fo=0)                   0.000     2.202    codeWord[8]
    V10                                                               r  codeWord[8] (OUT)
  -------------------------------------------------------------------    -------------------

Slack:                    inf
  Source:                 m[1]
                            (input port)
  Destination:            codeWord[19]
                            (output port)
  Path Group:             (none)
  Path Type:              Min at Fast Process Corner
  Data Path Delay:        2.214ns  (logic 1.399ns (63.201%)  route 0.815ns (36.799%))
  Logic Levels:           3  (IBUF=1 LUT5=1 OBUF=1)

    Location             Delay type                Incr(ns)  Path(ns)    Netlist Resource(s)
  -------------------------------------------------------------------    -------------------
    T15                                               0.000     0.000 r  m[1] (IN)
                         net (fo=0)                   0.000     0.000    m[1]
    T15                  IBUF (Prop_ibuf_I_O)         0.213     0.213 r  m_IBUF[1]_inst/O
                         net (fo=3, routed)           0.490     0.703    codeWord_OBUF[15]
    SLICE_X0Y68          LUT5 (Prop_lut5_I2_O)        0.045     0.748 r  codeWord_OBUF[19]_inst_i_1/O
                         net (fo=1, routed)           0.325     1.073    codeWord_OBUF[19]
    T16                  OBUF (Prop_obuf_I_O)         1.141     2.214 r  codeWord_OBUF[19]_inst/O
                         net (fo=0)                   0.000     2.214    codeWord[19]
    T16                                                               r  codeWord[19] (OUT)
  -------------------------------------------------------------------    -------------------

Slack:                    inf
  Source:                 m[3]
                            (input port)
  Destination:            codeWord[16]
                            (output port)
  Path Group:             (none)
  Path Type:              Min at Fast Process Corner
  Data Path Delay:        2.227ns  (logic 1.401ns (62.909%)  route 0.826ns (37.091%))
  Logic Levels:           3  (IBUF=1 LUT6=1 OBUF=1)

    Location             Delay type                Incr(ns)  Path(ns)    Netlist Resource(s)
  -------------------------------------------------------------------    -------------------
    R15                                               0.000     0.000 r  m[3] (IN)
                         net (fo=0)                   0.000     0.000    m[3]
    R15                  IBUF (Prop_ibuf_I_O)         0.191     0.191 r  m_IBUF[3]_inst/O
                         net (fo=3, routed)           0.507     0.698    codeWord_OBUF[13]
    SLICE_X0Y65          LUT6 (Prop_lut6_I4_O)        0.045     0.743 r  codeWord_OBUF[16]_inst_i_1/O
                         net (fo=1, routed)           0.319     1.062    codeWord_OBUF[16]
    U17                  OBUF (Prop_obuf_I_O)         1.165     2.227 r  codeWord_OBUF[16]_inst/O
                         net (fo=0)                   0.000     2.227    codeWord[16]
    U17                                                               r  codeWord[16] (OUT)
  -------------------------------------------------------------------    -------------------

Slack:                    inf
  Source:                 m[6]
                            (input port)
  Destination:            codeWord[9]
                            (output port)
  Path Group:             (none)
  Path Type:              Min at Fast Process Corner
  Data Path Delay:        2.231ns  (logic 1.381ns (61.935%)  route 0.849ns (38.065%))
  Logic Levels:           2  (IBUF=1 OBUF=1)

    Location             Delay type                Incr(ns)  Path(ns)    Netlist Resource(s)
  -------------------------------------------------------------------    -------------------
    P17                                               0.000     0.000 r  m[6] (IN)
                         net (fo=0)                   0.000     0.000    m[6]
    P17                  IBUF (Prop_ibuf_I_O)         0.202     0.202 r  m_IBUF[6]_inst/O
                         net (fo=3, routed)           0.849     1.051    codeWord_OBUF[9]
    V12                  OBUF (Prop_obuf_I_O)         1.180     2.231 r  codeWord_OBUF[9]_inst/O
                         net (fo=0)                   0.000     2.231    codeWord[9]
    V12                                                               r  codeWord[9] (OUT)
  -------------------------------------------------------------------    -------------------





