
*** Running vivado
    with args -log hamming_decoder.vds -m64 -product Vivado -mode batch -messageDb vivado.pb -notrace -source hamming_decoder.tcl



****** Vivado v2022.2 (64-bit)
  **** SW Build 3671981 on Fri Oct 14 05:00:03 MDT 2022
  **** IP Build 3669848 on Fri Oct 14 08:30:02 MDT 2022
    ** Copyright 1986-2022 Xilinx, Inc. All Rights Reserved.

source hamming_decoder.tcl -notrace
Command: read_checkpoint -auto_incremental -incremental C:/Users/35191/Documents/UA/4_Ano/2_Semestre/CR/Reconfigurable-Computing/hamming_code/hamming_code.srcs/utils_1/imports/synth_1/hamming_encoder.dcp
INFO: [Vivado 12-5825] Read reference checkpoint from C:/Users/35191/Documents/UA/4_Ano/2_Semestre/CR/Reconfigurable-Computing/hamming_code/hamming_code.srcs/utils_1/imports/synth_1/hamming_encoder.dcp for incremental synthesis
INFO: [Vivado 12-7989] Please ensure there are no constraint changes
Command: synth_design -top hamming_decoder -part xc7a100tcsg324-1
Starting synth_design
Attempting to get a license for feature 'Synthesis' and/or device 'xc7a100t'
INFO: [Common 17-349] Got license for feature 'Synthesis' and/or device 'xc7a100t'
INFO: [Device 21-403] Loading part xc7a100tcsg324-1
INFO: [Designutils 20-5440] No compile time benefit to using incremental synthesis; A full resynthesis will be run
INFO: [Designutils 20-4379] Flow is switching to default flow due to incremental criteria not met. If you would like to alter this behaviour and have the flow terminate instead, please set the following parameter config_implementation {autoIncr.Synth.RejectBehavior Terminate}
INFO: [Synth 8-7079] Multithreading enabled for synth_design using a maximum of 2 processes.
INFO: [Synth 8-7078] Launching helper process for spawning children vivado processes
INFO: [Synth 8-7075] Helper process launched with PID 5848
INFO: [Synth 8-11241] undeclared symbol 'REGCCE', assumed default net type 'wire' [C:/Xilinx/Vivado/2022.2/data/verilog/src/unimacro/BRAM_SINGLE_MACRO.v:2170]
---------------------------------------------------------------------------------
Starting RTL Elaboration : Time (s): cpu = 00:00:04 ; elapsed = 00:00:08 . Memory (MB): peak = 1205.492 ; gain = 409.945
---------------------------------------------------------------------------------
INFO: [Synth 8-638] synthesizing module 'hamming_decoder' [C:/Users/35191/Documents/UA/4_Ano/2_Semestre/CR/Reconfigurable-Computing/hamming_code/hamming_code.srcs/sources_1/new/hamming_decoder.vhd:31]
ERROR: [Synth 8-509] operands of logical operator '^' have different lengths (15 vs. 17) [C:/Users/35191/Documents/UA/4_Ano/2_Semestre/CR/Reconfigurable-Computing/hamming_code/hamming_code.srcs/sources_1/new/hamming_decoder.vhd:80]
ERROR: [Synth 8-285] failed synthesizing module 'hamming_decoder' [C:/Users/35191/Documents/UA/4_Ano/2_Semestre/CR/Reconfigurable-Computing/hamming_code/hamming_code.srcs/sources_1/new/hamming_decoder.vhd:31]
---------------------------------------------------------------------------------
Finished RTL Elaboration : Time (s): cpu = 00:00:05 ; elapsed = 00:00:10 . Memory (MB): peak = 1294.410 ; gain = 498.863
---------------------------------------------------------------------------------
RTL Elaboration failed
INFO: [Common 17-83] Releasing license: Synthesis
12 Infos, 0 Warnings, 0 Critical Warnings and 3 Errors encountered.
synth_design failed
ERROR: [Common 17-69] Command failed: Synthesis failed - please see the console or run log file for details
INFO: [Common 17-206] Exiting Vivado at Sat May 27 20:59:20 2023...
